<?xml version="1.0" encoding="UTF-8"?>
<!-- Generated by org.testng.reporters.JUnitReportReporter -->
<testsuite skipped="0" hostname="IXC1-LT6QQQ3X2" name="testrunners.TestRunner" tests="8" failures="0" timestamp="2021-09-13T20:17:02 IST" time="208.548" errors="0">
  <testcase name="runScenario" time="25.770" classname="testrunners.TestRunner"/>
  <system-out/>
  <testcase name="runScenario" time="25.836" classname="testrunners.TestRunner"/>
  <system-out/>
  <testcase name="runScenario" time="26.101" classname="testrunners.TestRunner"/>
  <system-out/>
  <testcase name="runScenario" time="26.754" classname="testrunners.TestRunner"/>
  <system-out/>
  <testcase name="runScenario" time="25.741" classname="testrunners.TestRunner"/>
  <system-out/>
  <testcase name="runScenario" time="26.339" classname="testrunners.TestRunner"/>
  <system-out/>
  <testcase name="runScenario" time="25.715" classname="testrunners.TestRunner"/>
  <system-out/>
  <testcase name="runScenario" time="26.292" classname="testrunners.TestRunner"/>
  <system-out/>
</testsuite> <!-- testrunners.TestRunner -->
